<?xml version="1.0" encoding="UTF-8" ?>
<testsuite tests="5" failures="0" name="com.americanexpress.Eligibility.restapi.CardApplicationAPITest" time="0.681" errors="0" skipped="0">
  <properties>
[...]
</properties>
  <testcase classname="com.americanexpress.Eligibility.restapi.CardApplicationAPITest" name="testSayHello" time="0.356"/>
  <testcase classname="com.americanexpress.Eligibility.restapi.CardApplicationAPITest" name="testGetApplicationById" time="0.184"/>
  <testcase classname="com.americanexpress.Eligibility.restapi.CardApplicationAPITest" name="testGetApplicationsList" time="0.042"/>
  <testcase classname="com.americanexpress.Eligibility.restapi.CardApplicationAPITest" name="testPersistApplicationStatus" time="0.065"/>
  <testcase classname="com.americanexpress.Eligibility.restapi.CardApplicationAPITest" name="testSubmitApplication" time="0.034"/>
</testsuite>